<?xml version="1.0" encoding="UTF-8"?>
<testsuite xmlns:xsi="http://www.w3.org/2001/XMLSchema-instance" xsi:noNamespaceSchemaLocation="https://maven.apache.org/surefire/maven-surefire-plugin/xsd/surefire-test-report-3.0.xsd" version="3.0" name="uk.co.edgewords.RunCucumberTest" time="20.839" tests="7" errors="0" skipped="0" failures="0">
  <properties>
[...]
</properties>
  <testcase name="Example #2" classname="Examples" time="18.125">
    <system-out><![CDATA[Another before
Another before
Another before
Another before
Another before
Another before
Another before
About
Store
GmailImages
Sign in
United Kingdom
Advertising
Business
How Search works
Carbon neutral since 2007
Privacy
Terms
Settings
About
Store
GmailImages
Sign in
United Kingdom
Advertising
Business
How Search works
Carbon neutral since 2007
Privacy
Terms
Settings
About
Store
GmailImages
Sign in
United Kingdom
Advertising
Business
How Search works
Carbon neutral since 2007
Privacy
Terms
Settings
About
Store
GmailImages
Sign in
United Kingdom
Advertising
Business
How Search works
Carbon neutral since 2007
Privacy
Terms
Settings
About
Store
GmailImages
Sign in
United Kingdom
Advertising
Business
How Search works
Carbon neutral since 2007
Privacy
Terms
Settings
About
Store
GmailImages
Sign in
United Kingdom
Advertising
Business
How Search works
Carbon neutral since 2007
Privacy
Terms
Settings
About
Store
GmailImages
Sign in
United Kingdom
Advertising
Business
How Search works
Carbon neutral since 2007
Privacy
Terms
Settings
]]></system-out>
    <system-err><![CDATA[SLF4J: Failed to load class "org.slf4j.impl.StaticLoggerBinder".
SLF4J: Defaulting to no-operation (NOP) logger implementation
SLF4J: See http://www.slf4j.org/codes.html#StaticLoggerBinder for further details.
SSttaarrttiinngg  CChhrroommeeDDrriivvere r1 0120.20.0..55000055..6611  ((0e059eb5c9cb0c0cc0c04cc948958c5e3ce93a9da3d1c31510c106505f016559df9155a9dd39-5arde3f-sr/ebfrsa/nbcrhan-cheh-ahdsea/d5s00/55@0{0#58@{19#}81)9 }o)n  poonr tp 5o7r7t4 563
9O2n6ly
 Olnloyc allo ccalo ncnoenncetcitoinons sa raer ea lalllowoewde.d.
Pl
ePalsee asseee s ehet thptst:p/s/:c/h/rcohmreodrmievderri.vecrh.rchormoimuimu.mo.rogr/gs/ecsuerciutryi-tcyo-ncsoindersaitdieonrast fioor nssug gfeosrt isugogness toino nkse eopin nkge eCpihnrgo mCehDrroimveeDrr isvaefre .sa
fe.
Starting ChromeDriver 102.0.5005.61 (0e59bcc00cc4985ce39ad31c150065f159d95ad3-refs/branch-heads/5005@{#819}) on port 56988
Only local connections are allowed.
Please see https://chromedriver.chromium.org/security-considerations for suggestions on keeping ChromeDriver safe.
Starting ChromeDriver 102.0.5005.61 (0e59bcc00cc4985ce39ad31c150065f159d95ad3-refs/branch-heads/5005@{#819}) on port 50180
Only local connections are allowed.
Please see https://chromedriver.chromium.org/security-considerations for suggestions on keeping ChromeDriver safe.
ChromeDriver was started successfully.
Starting ChromeDriver 102.0.5005.61 (0e59bcc00cc4985ce39ad31c150065f159d95ad3-refs/branch-heads/5005@{#819}) on port 51551
Only local connections are allowed.
Please see https://chromedriver.chromium.org/security-considerations for suggestions on keeping ChromeDriver safe.
Starting ChromeDriver 102.0.5005.61 (0e59bcc00cc4985ce39ad31c150065f159d95ad3-refs/branch-heads/5005@{#819}) on port 54834
Only local connections are allowed.
Please see https://chromedriver.chromium.org/security-considerations for suggestions on keeping ChromeDriver safe.
ChromeDriver was started successfully.
ChromeDriver was started successfully.
ChromeDriver was started successfully.
ChromeDriver was started successfully.
ChromeDriver was started successfully.
Starting ChromeDriver 102.0.5005.61 (0e59bcc00cc4985ce39ad31c150065f159d95ad3-refs/branch-heads/5005@{#819}) on port 62290
Only local connections are allowed.
Please see https://chromedriver.chromium.org/security-considerations for suggestions on keeping ChromeDriver safe.
ChromeDriver was started successfully.
Jun 28, 2022 5:18:02 PM org.openqa.selenium.remote.ProtocolHandshake createSession
INFO: Detected upstream dialect: W3C
Jun 28, 2022 5:18:03 PM org.openqa.selenium.remote.ProtocolHandshake createSession
INFO: Detected upstream dialect: W3C
Jun 28, 2022 5:18:03 PM org.openqa.selenium.remote.ProtocolHandshake createSession
INFO: Detected upstream dialect: W3C
Jun 28, 2022 5:18:03 PM org.openqa.selenium.remote.ProtocolHandshake createSession
INFO: Detected upstream dialect: W3C
Jun 28, 2022 5:18:03 PM org.openqa.selenium.remote.ProtocolHandshake createSession
INFO: Detected upstream dialect: W3C
Jun 28, 2022 5:18:03 PM org.openqa.selenium.remote.ProtocolHandshake createSession
INFO: Detected upstream dialect: W3C
Jun 28, 2022 5:18:03 PM org.openqa.selenium.remote.ProtocolHandshake createSession
INFO: Detected upstream dialect: W3C
Jun 28, 2022 5:18:03 PM org.openqa.selenium.devtools.CdpVersionFinder findNearestMatch
INFO: Found exact CDP implementation for version 102
Jun 28, 2022 5:18:03 PM org.openqa.selenium.devtools.CdpVersionFinder findNearestMatch
INFO: Found exact CDP implementation for version 102
Jun 28, 2022 5:18:03 PM org.openqa.selenium.devtools.CdpVersionFinder findNearestMatch
INFO: Found exact CDP implementation for version 102
Jun 28, 2022 5:18:03 PM org.openqa.selenium.devtools.CdpVersionFinder findNearestMatch
INFO: Found exact CDP implementation for version 102
Jun 28, 2022 5:18:03 PM org.openqa.selenium.devtools.CdpVersionFinder findNearestMatch
INFO: Found exact CDP implementation for version 102
Jun 28, 2022 5:18:03 PM org.openqa.selenium.devtools.CdpVersionFinder findNearestMatch
INFO: Found exact CDP implementation for version 102
Jun 28, 2022 5:18:03 PM org.openqa.selenium.devtools.CdpVersionFinder findNearestMatch
INFO: Found exact CDP implementation for version 102
]]></system-err>
  </testcase>
  <testcase name="Example #1" classname="Examples" time="18.164"/>
  <testcase name="Example #3" classname="Examples" time="18.309"/>
  <testcase name="Example #4" classname="Examples" time="18.365"/>
  <testcase name="Example #5" classname="Examples" time="19.582"/>
  <testcase name="Verify Edgewords results" classname="Google Search" time="18.154"/>
  <testcase name="Search for edgewords" classname="Google Search" time="18.431"/>
</testsuite>